<?xml version="1.0" encoding="UTF-8"?>
<!-- Generated by org.testng.reporters.JUnitXMLReporter -->
<testsuite ignored="4" hostname="QSpiders" failures="0" tests="2" name="Test" time="55.114" errors="0" timestamp="2025-08-13T12:36:53 IST">
  <testcase classname="Com.ShoppersStack_TestScripts.TC01_Verify_user_is_able_to_add_address_or_not_Test" name="addAddress" time="9.668"/>
  <testcase classname="Com.ShoppersStack_TestScripts.TC02_Verify_user_is_able_to_delete_address_or_not" name="deleteAddress" time="9.23"/>
  <testcase classname="Com.ShoppersStack_GenericUtility.BaseTest" name="@BeforeTest beforeTest" time="0.0">
    <ignored/>
  </testcase> <!-- @BeforeTest beforeTest -->
  <testcase classname="Com.ShoppersStack_GenericUtility.BaseTest" name="@AfterTest afterTest" time="0.0">
    <ignored/>
  </testcase> <!-- @AfterTest afterTest -->
  <testcase classname="Com.ShoppersStack_GenericUtility.BaseTest" name="@BeforeSuite beforeSuite" time="0.0">
    <ignored/>
  </testcase> <!-- @BeforeSuite beforeSuite -->
  <testcase classname="Com.ShoppersStack_GenericUtility.BaseTest" name="@AfterSuite afterSuite" time="0.0">
    <ignored/>
  </testcase> <!-- @AfterSuite afterSuite -->
</testsuite> <!-- Test -->
